<?xml version="1.0" encoding="UTF-8"?>
<!-- Generated by org.testng.reporters.JUnitXMLReporter -->
<testsuite ignored="0" hostname="ECS-Dinesh" failures="0" tests="3" name="UI Tests" time="18.204" errors="0" timestamp="2025-12-10T13:29:35 IST">
  <testcase classname="com.herokuapp.tests.LoginTest" name="validLogin" time="4.456"/>
  <testcase classname="com.herokuapp.tests.InvalidLoginTest" name="invalidLogin" time="4.491"/>
  <testcase classname="com.herokuapp.tests.LogoutTest" name="logoutFlow" time="5.156"/>
</testsuite> <!-- UI Tests -->
