<?xml version="1.0" encoding="UTF-8"?>
<testng-results ignored="0" total="3" passed="3" failed="0" skipped="0">
  <reporter-output>
  </reporter-output>
  <suite started-at="2025-12-10T13:29:17 IST" name="Herokuapp Suite" finished-at="2025-12-10T13:29:35 IST" duration-ms="18204">
    <groups>
    </groups>
    <test started-at="2025-12-10T13:29:17 IST" name="UI Tests" finished-at="2025-12-10T13:29:35 IST" duration-ms="18204">
      <class name="com.herokuapp.tests.InvalidLoginTest">
        <test-method is-config="true" signature="setup()[pri:0, instance:com.herokuapp.tests.InvalidLoginTest@cecf639]" started-at="2025-12-10T13:29:23 IST" name="setup" finished-at="2025-12-10T13:29:24 IST" duration-ms="817" status="PASS">
          <reporter-output>
          </reporter-output>
        </test-method> <!-- setup -->
        <test-method signature="invalidLogin()[pri:0, instance:com.herokuapp.tests.InvalidLoginTest@cecf639]" started-at="2025-12-10T13:29:24 IST" name="invalidLogin" finished-at="2025-12-10T13:29:28 IST" duration-ms="4491" status="PASS">
          <reporter-output>
          </reporter-output>
        </test-method> <!-- invalidLogin -->
        <test-method is-config="true" signature="teardown()[pri:0, instance:com.herokuapp.tests.InvalidLoginTest@cecf639]" started-at="2025-12-10T13:29:28 IST" name="teardown" finished-at="2025-12-10T13:29:29 IST" duration-ms="181" status="PASS">
          <reporter-output>
          </reporter-output>
        </test-method> <!-- teardown -->
      </class> <!-- com.herokuapp.tests.InvalidLoginTest -->
      <class name="com.herokuapp.tests.LoginTest">
        <test-method is-config="true" signature="setup()[pri:0, instance:com.herokuapp.tests.LoginTest@543295b0]" started-at="2025-12-10T13:29:17 IST" name="setup" finished-at="2025-12-10T13:29:19 IST" duration-ms="1823" status="PASS">
          <reporter-output>
          </reporter-output>
        </test-method> <!-- setup -->
        <test-method signature="validLogin()[pri:0, instance:com.herokuapp.tests.LoginTest@543295b0]" started-at="2025-12-10T13:29:19 IST" name="validLogin" finished-at="2025-12-10T13:29:23 IST" duration-ms="4456" status="PASS">
          <reporter-output>
          </reporter-output>
        </test-method> <!-- validLogin -->
        <test-method is-config="true" signature="teardown()[pri:0, instance:com.herokuapp.tests.LoginTest@543295b0]" started-at="2025-12-10T13:29:23 IST" name="teardown" finished-at="2025-12-10T13:29:23 IST" duration-ms="216" status="PASS">
          <reporter-output>
          </reporter-output>
        </test-method> <!-- teardown -->
      </class> <!-- com.herokuapp.tests.LoginTest -->
      <class name="com.herokuapp.tests.LogoutTest">
        <test-method is-config="true" signature="setup()[pri:0, instance:com.herokuapp.tests.LogoutTest@1caa0244]" started-at="2025-12-10T13:29:29 IST" name="setup" finished-at="2025-12-10T13:29:30 IST" duration-ms="831" status="PASS">
          <reporter-output>
          </reporter-output>
        </test-method> <!-- setup -->
        <test-method signature="logoutFlow()[pri:0, instance:com.herokuapp.tests.LogoutTest@1caa0244]" started-at="2025-12-10T13:29:30 IST" name="logoutFlow" finished-at="2025-12-10T13:29:35 IST" duration-ms="5156" status="PASS">
          <reporter-output>
          </reporter-output>
        </test-method> <!-- logoutFlow -->
        <test-method is-config="true" signature="teardown()[pri:0, instance:com.herokuapp.tests.LogoutTest@1caa0244]" started-at="2025-12-10T13:29:35 IST" name="teardown" finished-at="2025-12-10T13:29:35 IST" duration-ms="179" status="PASS">
          <reporter-output>
          </reporter-output>
        </test-method> <!-- teardown -->
      </class> <!-- com.herokuapp.tests.LogoutTest -->
    </test> <!-- UI Tests -->
  </suite> <!-- Herokuapp Suite -->
</testng-results>
